{"message":"SDP API started and listening on port 3000","level":"info"}
{"message":"SDP API started and listening on port 3000","level":"info"}
{"level":"error","message":"invalid input syntax for integer: \"3593adf0-1011-11e9-9471-2dbd70fb63df\""}
{"message":"SDP API started and listening on port 3000","level":"info"}
{"level":"error","message":"Cannot read property 'rollback' of undefined"}
{"level":"error","message":"Cannot read property 'rollback' of undefined"}
{"message":"SDP API started and listening on port 3000","level":"info"}
{"level":"error","message":"Cannot read property 'rollback' of undefined"}
{"message":"SDP API started and listening on port 3000","level":"info"}
{"level":"error","message":"Cannot read property 'rollback' of undefined"}
{"message":"SDP API started and listening on port 3000","level":"info"}
{"level":"error","message":"transaction.rollback is not a function"}
{"level":"error","message":"transaction.rollback is not a function"}
{"message":"SDP API started and listening on port 3000","level":"info"}
{"level":"error","message":"Exist"}
{"level":"error","message":"Exist"}
{"message":"SDP API started and listening on port 3000","level":"info"}
{"level":"error","message":"Exist"}
{"message":"SDP API started and listening on port 3000","level":"info"}
{"level":"error","message":"Exist"}
{"message":"SDP API started and listening on port 3000","level":"info"}
{"message":"SDP API started and listening on port 3000","level":"info"}
{"level":"error","message":"Cannot read property 'find' of undefined"}
{"message":"SDP API started and listening on port 3000","level":"info"}
{"level":"error","message":"invalid input syntax for integer: \"1s\""}
{"message":"SDP API started and listening on port 3000","level":"info"}
{"message":"SDP API started and listening on port 3000","level":"info"}
{"level":"error","message":"transaction.rollback is not a function"}
{"message":"SDP API started and listening on port 3000","level":"info"}
{"level":"error","message":"Exist"}
{"message":"SDP API started and listening on port 3000","level":"info"}
{"level":"error","message":"Exist"}
{"message":"SDP API started and listening on port 3000","level":"info"}
{"level":"error","message":"_models2.default.transaction is not a function"}
{"message":"SDP API started and listening on port 3000","level":"info"}
{"level":"error","message":"Exist"}
{"message":"SDP API started and listening on port 3000","level":"info"}
{"message":"SDP API started and listening on port 3000","level":"info"}
{"message":"SDP API started and listening on port 3000","level":"info"}
{"message":"SDP API started and listening on port 3000","level":"info"}
{"level":"error","message":"Cannot read property 'supports' of undefined"}
{"message":"SDP API started and listening on port 3000","level":"info"}
{"level":"error","message":"Cannot read property 'supports' of undefined"}
{"message":"SDP API started and listening on port 3000","level":"info"}
{"message":"SDP API started and listening on port 3000","level":"info"}
{"message":"SDP API started and listening on port 3000","level":"info"}
{"level":"error","message":"Cannot set property 'id' of undefined"}
{"message":"SDP API started and listening on port 3000","level":"info"}
{"level":"error","message":"user is not defined"}
{"level":"error","message":"invalid input syntax for integer: \"1aas\""}
{"message":"SDP API started and listening on port 3000","level":"info"}
{"level":"error","message":"invalid input syntax for integer: \"1aas\""}
{"message":"SDP API started and listening on port 3000","level":"info"}
{"level":"error","message":"user is not defined"}
{"message":"SDP API started and listening on port 3000","level":"info"}
{"message":"SDP API started and listening on port 3000","level":"info"}
{"level":"error","message":"Exist"}
{"message":"SDP API started and listening on port 3000","level":"info"}
{"level":"error","message":"Exist"}
{"message":"SDP API started and listening on port 3000","level":"info"}
{"level":"error","message":"Exist"}
{"message":"SDP API started and listening on port 3000","level":"info"}
{"message":"SDP API started and listening on port 3000","level":"info"}
{"message":"SDP API started and listening on port 3000","level":"info"}
{"level":"error","message":"Exist"}
{"message":"SDP API started and listening on port 3000","level":"info"}
{"message":"SDP API started and listening on port 3000","level":"info"}
